Resource Usage Report for ACKFIFO 

Mapping to part: m2s025fcsbga325std
Cell usage:
CLKINT          2 uses
CFG1           1 use
CFG2           5 uses
CFG3           6 uses
CFG4           20 uses

Carry cells:
ARI1            20 uses - used for arithmetic functions


Sequential Cells: 
SLE            43 uses

DSP Blocks:    0 of 34 (0%)

I/O ports: 40
I/O primitives: 40
INBUF          20 uses
OUTBUF         20 uses


Global Clock Buffers: 2 of 8 (25%)


Total LUTs:    52

Extra resources required for RAM and MACC interface logic during P&R:

RAM64x18 Interface Logic : SLEs = 36; LUTs = 36;
RAM1K18  Interface Logic : SLEs = 0; LUTs = 0;
MACC     Interface Logic : SLEs = 0; LUTs = 0;

Total number of SLEs after P&R:  43 + 36 + 0 + 0 = 79;
Total number of LUTs after P&R:  52 + 36 + 0 + 0 = 88;

