
Starting:    C:\Microsemi\Libero_SoC_v11.8\SynplifyPro\bin64\mbin\synbatch.exe
Install:     C:\Microsemi\Libero_SoC_v11.8\SynplifyPro
Hostname:    BWRCLOPX9020-1
Date:        Mon Jun 25 19:52:03 2018
Version:     L-2016.09M-2

Arguments:   -product synplify_pro -licensetype synplifypro_actel -batch -log synplify.log NeuroMini_syn.tcl
ProductType: synplify_pro

License checkout: synplifypro_actel
License: synplifypro_actel from server bwrclopx9020-3.eecs.berkeley.edu 
Licensed Vendor: actel
License Option: actel_oem

Running in Vendor Mode


Implementation not found: synthesis

log file: "P:\Libero\NeuroMini_golden\synthesis\NeuroMini.srr"

Running: synthesis in foreground



Running NeuroMini_syn|synthesis


Running: compile (Compile) on NeuroMini_syn|synthesis
# Mon Jun 25 19:52:04 2018


Running: compile_flow (Compile Process) on NeuroMini_syn|synthesis
# Mon Jun 25 19:52:04 2018


Running: compiler (Compile Input) on NeuroMini_syn|synthesis
# Mon Jun 25 19:52:04 2018

Copied P:\Libero\NeuroMini_golden\synthesis\synwork\NeuroMini_comp.srs to P:\Libero\NeuroMini_golden\synthesis\NeuroMini.srs


compiler completed
# Mon Jun 25 19:52:09 2018

Return Code: 0
Run Time:00h:00m:05s


Running: multi_srs_gen (Multi-srs Generator) on NeuroMini_syn|synthesis
# Mon Jun 25 19:52:09 2018


multi_srs_gen completed
# Mon Jun 25 19:52:10 2018

Return Code: 0
Run Time:00h:00m:01s

Copied P:\Libero\NeuroMini_golden\synthesis\synwork\NeuroMini_mult.srs to P:\Libero\NeuroMini_golden\synthesis\NeuroMini.srs

Complete: Compile Process on NeuroMini_syn|synthesis


Running: premap (Pre-mapping) on NeuroMini_syn|synthesis
# Mon Jun 25 19:52:10 2018


premap completed with warnings
# Mon Jun 25 19:52:12 2018

Return Code: 1
Run Time:00h:00m:02s

Complete: Compile on NeuroMini_syn|synthesis


Running: map (Map) on NeuroMini_syn|synthesis
# Mon Jun 25 19:52:12 2018

License granted for 4 parallel jobs


Running: fpga_mapper (Map & Optimize) on NeuroMini_syn|synthesis
# Mon Jun 25 19:52:12 2018

Copied P:\Libero\NeuroMini_golden\synthesis\synwork\NeuroMini_m.srm to P:\Libero\NeuroMini_golden\synthesis\NeuroMini.srm


fpga_mapper completed with warnings
# Mon Jun 25 19:52:19 2018

Return Code: 1
Run Time:00h:00m:07s

Complete: Map on NeuroMini_syn|synthesis

Complete: Logic Synthesis on NeuroMini_syn|synthesis

TCL script complete: "NeuroMini_syn.tcl"

exit status=0

exit status=0

License checkin: synplifypro_actel

