C:\Microsemi\Libero_SoC_v11.8\SynplifyPro\bin64\c_hdl.exe  -osyn  P:\Libero\NeuroMini_golden\synthesis\synwork\NeuroMini_comp.srs  -top  NeuroMini  -hdllog  P:\Libero\NeuroMini_golden\synthesis\synlog\NeuroMini_compiler.srr  -encrypt  -mp  4  -verification_mode 0  -verilog  -prodtype  synplify_pro  -infer_seqShift -primux -dspmac -pqdpadd -fixsmult -sdff_counter -divnmod -nram   -I P:\Libero\NeuroMini_golden\synthesis\  -I C:\Microsemi\Libero_SoC_v11.8\SynplifyPro\lib   -v2001  -devicelib  C:\Microsemi\Libero_SoC_v11.8\SynplifyPro\lib\generic\smartfusion2.v  -encrypt  -pro  -dmgen  P:\Libero\NeuroMini_golden\synthesis\dm  -ui -fid2 -ram -sharing on -ll 2000 -autosm  -lib work P:\Libero\NeuroMini_golden\component\work\NeuroMini\FCCC_0\NeuroMini_FCCC_0_FCCC.v -lib work P:\Libero\NeuroMini_golden\component\work\NeuroMini_MSS\NeuroMini_MSS_syn.v -lib work P:\Libero\NeuroMini_golden\component\work\NeuroMini_MSS\NeuroMini_MSS.v -lib work P:\Libero\NeuroMini_golden\component\Actel\SgCore\OSC\2.0.101\osc_comps.v -lib work P:\Libero\NeuroMini_golden\component\work\NeuroMini\OSC_0\NeuroMini_OSC_0_OSC.v -lib work P:\Libero\NeuroMini_golden\hdl\am.v -lib work P:\Libero\NeuroMini_golden\hdl\cm_demux.v -lib work P:\Libero\NeuroMini_golden\component\work\ACKFIFO\ACKFIFO_0\rtl\vlog\core\corefifo_doubleSync.v -lib work P:\Libero\NeuroMini_golden\component\work\ACKFIFO\ACKFIFO_0\rtl\vlog\core\corefifo_grayToBinConv.v -lib work P:\Libero\NeuroMini_golden\component\work\ACKFIFO\ACKFIFO_0\rtl\vlog\core\corefifo_async.v -lib work P:\Libero\NeuroMini_golden\component\work\ACKFIFO\ACKFIFO_0\rtl\vlog\core\corefifo_fwft.v -lib work P:\Libero\NeuroMini_golden\component\work\ACKFIFO\ACKFIFO_0\rtl\vlog\core\corefifo_sync.v -lib work P:\Libero\NeuroMini_golden\component\work\ACKFIFO\ACKFIFO_0\rtl\vlog\core\corefifo_sync_scntr.v -lib work P:\Libero\NeuroMini_golden\component\work\ACKFIFO\ACKFIFO_0\rtl\vlog\core\ACKFIFO_ACKFIFO_0_USRAM_top.v -lib work P:\Libero\NeuroMini_golden\component\work\ACKFIFO\ACKFIFO_0\rtl\vlog\core\ACKFIFO_ACKFIFO_0_ram_wrapper.v -lib work P:\Libero\NeuroMini_golden\component\work\ACKFIFO\ACKFIFO_0\rtl\vlog\core\COREFIFO.v -lib work P:\Libero\NeuroMini_golden\component\work\ACKFIFO\ACKFIFO.v -lib work P:\Libero\NeuroMini_golden\component\work\ADCFIFO\ADCFIFO_0\rtl\vlog\core\corefifo_doubleSync.v -lib work P:\Libero\NeuroMini_golden\component\work\ADCFIFO\ADCFIFO_0\rtl\vlog\core\corefifo_grayToBinConv.v -lib work P:\Libero\NeuroMini_golden\component\work\ADCFIFO\ADCFIFO_0\rtl\vlog\core\corefifo_async.v -lib work P:\Libero\NeuroMini_golden\component\work\ADCFIFO\ADCFIFO_0\rtl\vlog\core\corefifo_fwft.v -lib work P:\Libero\NeuroMini_golden\component\work\ADCFIFO\ADCFIFO_0\rtl\vlog\core\corefifo_sync.v -lib work P:\Libero\NeuroMini_golden\component\work\ADCFIFO\ADCFIFO_0\rtl\vlog\core\corefifo_sync_scntr.v -lib work P:\Libero\NeuroMini_golden\component\work\ADCFIFO\ADCFIFO_0\rtl\vlog\core\ADCFIFO_ADCFIFO_0_LSRAM_top.v -lib work P:\Libero\NeuroMini_golden\component\work\ADCFIFO\ADCFIFO_0\rtl\vlog\core\ADCFIFO_ADCFIFO_0_ram_wrapper.v -lib work P:\Libero\NeuroMini_golden\component\work\ADCFIFO\ADCFIFO_0\rtl\vlog\core\COREFIFO.v -lib work P:\Libero\NeuroMini_golden\component\work\ADCFIFO\ADCFIFO.v -lib work P:\Libero\NeuroMini_golden\hdl\deserializer.v -lib work P:\Libero\NeuroMini_golden\hdl\nmic_rx.v -lib work P:\Libero\NeuroMini_golden\hdl\nmic_tx.v -lib work P:\Libero\NeuroMini_golden\hdl\nm_channel.v -lib work P:\Libero\NeuroMini_golden\hdl\nmic_if.v -lib work P:\Libero\NeuroMini_golden\hdl\cmam.v -lib work P:\Libero\NeuroMini_golden\hdl\cmam_if_wrap.v -lib COREAPB3_LIB P:\Libero\NeuroMini_golden\component\Actel\DirectCore\CoreAPB3\4.1.100\rtl\vlog\core_obfuscated\coreapb3_muxptob3.v -lib COREAPB3_LIB P:\Libero\NeuroMini_golden\component\Actel\DirectCore\CoreAPB3\4.1.100\rtl\vlog\core_obfuscated\coreapb3_iaddr_reg.v -lib COREAPB3_LIB P:\Libero\NeuroMini_golden\component\Actel\DirectCore\CoreAPB3\4.1.100\rtl\vlog\core_obfuscated\coreapb3.v -lib work P:\Libero\NeuroMini_golden\component\work\NeuroMini\NeuroMini.v 
rc:0 success:1 runtime:5
file:P:\Libero\NeuroMini_golden\synthesis\synwork\NeuroMini_comp.srs|io:o|time:1529981527|size:114434|exec:0
file:P:\Libero\NeuroMini_golden\synthesis\synlog\NeuroMini_compiler.srr|io:o|time:1529981527|size:52262|exec:0
file:C:\Microsemi\Libero_SoC_v11.8\SynplifyPro\lib\generic\smartfusion2.v|io:i|time:1487970428|size:16359|exec:0
file:P:\Libero\NeuroMini_golden\component\work\NeuroMini\FCCC_0\NeuroMini_FCCC_0_FCCC.v|io:i|time:1529534113|size:1701|exec:0
file:P:\Libero\NeuroMini_golden\component\work\NeuroMini_MSS\NeuroMini_MSS_syn.v|io:i|time:1529534103|size:51232|exec:0
file:P:\Libero\NeuroMini_golden\component\work\NeuroMini_MSS\NeuroMini_MSS.v|io:i|time:1529534104|size:49027|exec:0
file:P:\Libero\NeuroMini_golden\component\Actel\SgCore\OSC\2.0.101\osc_comps.v|io:i|time:1528916476|size:924|exec:0
file:P:\Libero\NeuroMini_golden\component\work\NeuroMini\OSC_0\NeuroMini_OSC_0_OSC.v|io:i|time:1529534116|size:536|exec:0
file:P:\Libero\NeuroMini_golden\hdl\am.v|io:i|time:1528896859|size:5009|exec:0
file:P:\Libero\NeuroMini_golden\hdl\cm_demux.v|io:i|time:1528896859|size:5442|exec:0
file:P:\Libero\NeuroMini_golden\component\work\ACKFIFO\ACKFIFO_0\rtl\vlog\core\corefifo_doubleSync.v|io:i|time:1528896855|size:3004|exec:0
file:P:\Libero\NeuroMini_golden\component\work\ACKFIFO\ACKFIFO_0\rtl\vlog\core\corefifo_grayToBinConv.v|io:i|time:1528896855|size:2733|exec:0
file:P:\Libero\NeuroMini_golden\component\work\ACKFIFO\ACKFIFO_0\rtl\vlog\core\corefifo_async.v|io:i|time:1528896855|size:46646|exec:0
file:P:\Libero\NeuroMini_golden\component\work\ACKFIFO\ACKFIFO_0\rtl\vlog\core\corefifo_fwft.v|io:i|time:1528896855|size:10548|exec:0
file:P:\Libero\NeuroMini_golden\component\work\ACKFIFO\ACKFIFO_0\rtl\vlog\core\corefifo_sync.v|io:i|time:1528896855|size:29142|exec:0
file:P:\Libero\NeuroMini_golden\component\work\ACKFIFO\ACKFIFO_0\rtl\vlog\core\corefifo_sync_scntr.v|io:i|time:1528896855|size:20050|exec:0
file:P:\Libero\NeuroMini_golden\component\work\ACKFIFO\ACKFIFO_0\rtl\vlog\core\ACKFIFO_ACKFIFO_0_USRAM_top.v|io:i|time:1528896855|size:2916|exec:0
file:P:\Libero\NeuroMini_golden\component\work\ACKFIFO\ACKFIFO_0\rtl\vlog\core\ACKFIFO_ACKFIFO_0_ram_wrapper.v|io:i|time:1528896855|size:2157|exec:0
file:P:\Libero\NeuroMini_golden\component\work\ACKFIFO\ACKFIFO_0\rtl\vlog\core\COREFIFO.v|io:i|time:1528896855|size:52679|exec:0
file:P:\Libero\NeuroMini_golden\component\work\ACKFIFO\ACKFIFO.v|io:i|time:1528896855|size:4510|exec:0
file:P:\Libero\NeuroMini_golden\component\work\ADCFIFO\ADCFIFO_0\rtl\vlog\core\corefifo_doubleSync.v|io:i|time:1528896856|size:3004|exec:0
file:P:\Libero\NeuroMini_golden\component\work\ADCFIFO\ADCFIFO_0\rtl\vlog\core\corefifo_grayToBinConv.v|io:i|time:1528896856|size:2733|exec:0
file:P:\Libero\NeuroMini_golden\component\work\ADCFIFO\ADCFIFO_0\rtl\vlog\core\corefifo_async.v|io:i|time:1528896856|size:46646|exec:0
file:P:\Libero\NeuroMini_golden\component\work\ADCFIFO\ADCFIFO_0\rtl\vlog\core\corefifo_fwft.v|io:i|time:1528896856|size:10548|exec:0
file:P:\Libero\NeuroMini_golden\component\work\ADCFIFO\ADCFIFO_0\rtl\vlog\core\corefifo_sync.v|io:i|time:1528896856|size:29142|exec:0
file:P:\Libero\NeuroMini_golden\component\work\ADCFIFO\ADCFIFO_0\rtl\vlog\core\corefifo_sync_scntr.v|io:i|time:1528896856|size:20050|exec:0
file:P:\Libero\NeuroMini_golden\component\work\ADCFIFO\ADCFIFO_0\rtl\vlog\core\ADCFIFO_ADCFIFO_0_LSRAM_top.v|io:i|time:1528896856|size:2092|exec:0
file:P:\Libero\NeuroMini_golden\component\work\ADCFIFO\ADCFIFO_0\rtl\vlog\core\ADCFIFO_ADCFIFO_0_ram_wrapper.v|io:i|time:1528896856|size:1754|exec:0
file:P:\Libero\NeuroMini_golden\component\work\ADCFIFO\ADCFIFO_0\rtl\vlog\core\COREFIFO.v|io:i|time:1528896856|size:52679|exec:0
file:P:\Libero\NeuroMini_golden\component\work\ADCFIFO\ADCFIFO.v|io:i|time:1528896856|size:4516|exec:0
file:P:\Libero\NeuroMini_golden\hdl\deserializer.v|io:i|time:1528896859|size:2851|exec:0
file:P:\Libero\NeuroMini_golden\hdl\nmic_rx.v|io:i|time:1528896859|size:3686|exec:0
file:P:\Libero\NeuroMini_golden\hdl\nmic_tx.v|io:i|time:1528896859|size:3514|exec:0
file:P:\Libero\NeuroMini_golden\hdl\nm_channel.v|io:i|time:1528896859|size:4222|exec:0
file:P:\Libero\NeuroMini_golden\hdl\nmic_if.v|io:i|time:1528896859|size:6961|exec:0
file:P:\Libero\NeuroMini_golden\hdl\cmam.v|io:i|time:1528896859|size:842|exec:0
file:P:\Libero\NeuroMini_golden\hdl\cmam_if_wrap.v|io:i|time:1529454365|size:1215|exec:0
file:P:\Libero\NeuroMini_golden\component\Actel\DirectCore\CoreAPB3\4.1.100\rtl\vlog\core_obfuscated\coreapb3_muxptob3.v|io:i|time:1528916463|size:6765|exec:0
file:P:\Libero\NeuroMini_golden\component\Actel\DirectCore\CoreAPB3\4.1.100\rtl\vlog\core_obfuscated\coreapb3_iaddr_reg.v|io:i|time:1528916463|size:3556|exec:0
file:P:\Libero\NeuroMini_golden\component\Actel\DirectCore\CoreAPB3\4.1.100\rtl\vlog\core_obfuscated\coreapb3.v|io:i|time:1528916463|size:32806|exec:0
file:P:\Libero\NeuroMini_golden\component\work\NeuroMini\NeuroMini.v|io:i|time:1529534116|size:18442|exec:0
file:C:\Microsemi\Libero_SoC_v11.8\SynplifyPro\bin\c_hdl.exe|io:i|time:1479402364|size:1337856|exec:1
file:C:\Microsemi\Libero_SoC_v11.8\SynplifyPro\bin64\c_hdl.exe|io:i|time:1479402568|size:1973248|exec:1
