
Starting:    C:\Microsemi\Libero_SoC_v11.8\SynplifyPro\bin64\mbin\synbatch.exe
Install:     C:\Microsemi\Libero_SoC_v11.8\SynplifyPro
Hostname:    BWRCLOPX9020-2
Date:        Tue Jun 26 10:58:57 2018
Version:     L-2016.09M-2

Arguments:   -product synplify_pro -licensetype synplifypro_actel -batch -log synplify.log Mario_Libero_syn.tcl
ProductType: synplify_pro

License checkout: synplifypro_actel
License: synplifypro_actel from server bwrclopx9020-3.eecs.berkeley.edu 
Licensed Vendor: actel
License Option: actel_oem

Running in Vendor Mode


auto_infer_blackbox is not supported in current product.

log file: "P:\OMNI\Libero\Mario-CM_Flex-EMG_golden\synthesis\Mario_Libero.srr"

Running: synthesis in foreground



Running Mario_Libero_syn|synthesis


Running: compile (Compile) on Mario_Libero_syn|synthesis
# Tue Jun 26 10:58:58 2018


Running: compile_flow (Compile Process) on Mario_Libero_syn|synthesis
# Tue Jun 26 10:58:58 2018


Running: compiler (Compile Input) on Mario_Libero_syn|synthesis
# Tue Jun 26 10:58:58 2018

Copied P:\OMNI\Libero\Mario-CM_Flex-EMG_golden\synthesis\synwork\Mario_Libero_comp.srs to P:\OMNI\Libero\Mario-CM_Flex-EMG_golden\synthesis\Mario_Libero.srs


compiler completed
# Tue Jun 26 10:59:02 2018

Return Code: 0
Run Time:00h:00m:04s


Running: multi_srs_gen (Multi-srs Generator) on Mario_Libero_syn|synthesis
# Tue Jun 26 10:59:02 2018


multi_srs_gen completed
# Tue Jun 26 10:59:03 2018

Return Code: 0
Run Time:00h:00m:01s

Copied P:\OMNI\Libero\Mario-CM_Flex-EMG_golden\synthesis\synwork\Mario_Libero_mult.srs to P:\OMNI\Libero\Mario-CM_Flex-EMG_golden\synthesis\Mario_Libero.srs

Complete: Compile Process on Mario_Libero_syn|synthesis


Running: premap (Pre-mapping) on Mario_Libero_syn|synthesis
# Tue Jun 26 10:59:03 2018


premap completed with warnings
# Tue Jun 26 10:59:04 2018

Return Code: 1
Run Time:00h:00m:01s

Complete: Compile on Mario_Libero_syn|synthesis


Running: map (Map) on Mario_Libero_syn|synthesis
# Tue Jun 26 10:59:05 2018

License granted for 4 parallel jobs


Running: fpga_mapper (Map & Optimize) on Mario_Libero_syn|synthesis
# Tue Jun 26 10:59:05 2018

Copied P:\OMNI\Libero\Mario-CM_Flex-EMG_golden\synthesis\synwork\Mario_Libero_m.srm to P:\OMNI\Libero\Mario-CM_Flex-EMG_golden\synthesis\Mario_Libero.srm


fpga_mapper completed with warnings
# Tue Jun 26 10:59:13 2018

Return Code: 1
Run Time:00h:00m:08s

Complete: Map on Mario_Libero_syn|synthesis

Complete: Logic Synthesis on Mario_Libero_syn|synthesis

TCL script complete: "Mario_Libero_syn.tcl"

exit status=0

exit status=0

License checkin: synplifypro_actel

